<?xml version="1.0" encoding="UTF-8"?>
<testng-results skipped="1" failed="1" ignored="0" total="2" passed="0">
  <reporter-output>
  </reporter-output>
  <suite name="Default suite" duration-ms="10887" started-at="2022-09-23T16:10:25 IST" finished-at="2022-09-23T16:10:36 IST">
    <groups>
      <group name="cucumber">
        <method signature="AbstractTestNGCucumberTests.runScenario(cucumber.api.testng.PickleEventWrapper, cucumber.api.testng.CucumberFeatureWrapper)[pri:0, instance:com.salesforce.testcases.TC_004_Learning_On_Trailhead@12c8a2c0]" name="runScenario" class="cucumber.api.testng.AbstractTestNGCucumberTests"/>
      </group> <!-- cucumber -->
    </groups>
    <test name="Default test" duration-ms="10887" started-at="2022-09-23T16:10:25 IST" finished-at="2022-09-23T16:10:36 IST">
      <class name="com.salesforce.testcases.TC_004_Learning_On_Trailhead">
        <test-method status="PASS" signature="startReport()[pri:0, instance:com.salesforce.testcases.TC_004_Learning_On_Trailhead@12c8a2c0]" name="startReport" is-config="true" duration-ms="134" started-at="2022-09-23T16:10:25 IST" finished-at="2022-09-23T16:10:25 IST">
          <reporter-output>
          </reporter-output>
        </test-method> <!-- startReport -->
        <test-method status="PASS" signature="setValues()[pri:0, instance:com.salesforce.testcases.TC_004_Learning_On_Trailhead@12c8a2c0]" name="setValues" is-config="true" duration-ms="0" started-at="2022-09-23T16:10:25 IST" finished-at="2022-09-23T16:10:25 IST">
          <reporter-output>
          </reporter-output>
        </test-method> <!-- setValues -->
        <test-method status="PASS" signature="setUpClass()[pri:0, instance:com.salesforce.testcases.TC_004_Learning_On_Trailhead@12c8a2c0]" name="setUpClass" is-config="true" duration-ms="108" started-at="2022-09-23T16:10:25 IST" finished-at="2022-09-23T16:10:25 IST">
          <reporter-output>
          </reporter-output>
        </test-method> <!-- setUpClass -->
        <test-method status="PASS" signature="startTestCase()[pri:0, instance:com.salesforce.testcases.TC_004_Learning_On_Trailhead@12c8a2c0]" name="startTestCase" is-config="true" duration-ms="7" started-at="2022-09-23T16:10:25 IST" finished-at="2022-09-23T16:10:25 IST">
          <reporter-output>
          </reporter-output>
        </test-method> <!-- startTestCase -->
        <test-method status="PASS" signature="preCondition()[pri:0, instance:com.salesforce.testcases.TC_004_Learning_On_Trailhead@12c8a2c0]" name="preCondition" is-config="true" duration-ms="4438" started-at="2022-09-23T16:10:26 IST" finished-at="2022-09-23T16:10:30 IST">
          <reporter-output>
          </reporter-output>
        </test-method> <!-- preCondition -->
        <test-method status="SKIP" signature="runScenario(cucumber.api.testng.PickleEventWrapper, cucumber.api.testng.CucumberFeatureWrapper)[pri:0, instance:com.salesforce.testcases.TC_004_Learning_On_Trailhead@12c8a2c0]" name="runScenario" duration-ms="251" started-at="2022-09-23T16:10:30 IST" description="Runs Cucumber Scenarios" data-provider="scenarios" finished-at="2022-09-23T16:10:30 IST">
          <params>
            <param index="0">
              <value>
                <![CDATA["Mobile Publisher"]]>
              </value>
            </param>
            <param index="1">
              <value>
                <![CDATA["Login salesforce click on Mobile publisher"]]>
              </value>
            </param>
          </params>
          <exception class="org.testng.SkipException">
            <message>
              <![CDATA[There are undefined steps]]>
            </message>
            <full-stacktrace>
              <![CDATA[org.testng.SkipException: There are undefined steps
at cucumber.api.testng.TestCaseResultListener.getError(TestCaseResultListener.java:60)
at cucumber.api.testng.TestNGCucumberRunner.runScenario(TestNGCucumberRunner.java:61)
at cucumber.api.testng.AbstractTestNGCucumberTests.runScenario(AbstractTestNGCucumberTests.java:22)
at sun.reflect.NativeMethodAccessorImpl.invoke0(Native Method)
at sun.reflect.NativeMethodAccessorImpl.invoke(Unknown Source)
at sun.reflect.DelegatingMethodAccessorImpl.invoke(Unknown Source)
at java.lang.reflect.Method.invoke(Unknown Source)
at org.testng.internal.MethodInvocationHelper.invokeMethod(MethodInvocationHelper.java:132)
at org.testng.internal.TestInvoker.invokeMethod(TestInvoker.java:599)
at org.testng.internal.TestInvoker.invokeTestMethod(TestInvoker.java:174)
at org.testng.internal.MethodRunner.runInSequence(MethodRunner.java:46)
at org.testng.internal.TestInvoker$MethodInvocationAgent.invoke(TestInvoker.java:822)
at org.testng.internal.TestInvoker.invokeTestMethods(TestInvoker.java:147)
at org.testng.internal.TestMethodWorker.invokeTestMethods(TestMethodWorker.java:146)
at org.testng.internal.TestMethodWorker.run(TestMethodWorker.java:128)
at java.util.ArrayList.forEach(Unknown Source)
at org.testng.TestRunner.privateRun(TestRunner.java:764)
at org.testng.TestRunner.run(TestRunner.java:585)
at org.testng.SuiteRunner.runTest(SuiteRunner.java:384)
at org.testng.SuiteRunner.runSequentially(SuiteRunner.java:378)
at org.testng.SuiteRunner.privateRun(SuiteRunner.java:337)
at org.testng.SuiteRunner.run(SuiteRunner.java:286)
at org.testng.SuiteRunnerWorker.runSuite(SuiteRunnerWorker.java:53)
at org.testng.SuiteRunnerWorker.run(SuiteRunnerWorker.java:96)
at org.testng.TestNG.runSuitesSequentially(TestNG.java:1218)
at org.testng.TestNG.runSuitesLocally(TestNG.java:1140)
at org.testng.TestNG.runSuites(TestNG.java:1069)
at org.testng.TestNG.run(TestNG.java:1037)
at org.testng.remote.AbstractRemoteTestNG.run(AbstractRemoteTestNG.java:115)
at org.testng.remote.RemoteTestNG.initAndRun(RemoteTestNG.java:251)
at org.testng.remote.RemoteTestNG.main(RemoteTestNG.java:77)
]]>
            </full-stacktrace>
          </exception> <!-- org.testng.SkipException -->
          <reporter-output>
          </reporter-output>
        </test-method> <!-- runScenario -->
        <test-method status="PASS" signature="preCondition()[pri:0, instance:com.salesforce.testcases.TC_004_Learning_On_Trailhead@12c8a2c0]" name="preCondition" is-config="true" duration-ms="5215" started-at="2022-09-23T16:10:30 IST" finished-at="2022-09-23T16:10:35 IST">
          <reporter-output>
          </reporter-output>
        </test-method> <!-- preCondition -->
        <test-method status="FAIL" signature="runLogin()[pri:0, instance:com.salesforce.testcases.TC_004_Learning_On_Trailhead@12c8a2c0]" name="runLogin" duration-ms="789" started-at="2022-09-23T16:10:35 IST" finished-at="2022-09-23T16:10:36 IST">
          <exception class="java.lang.NullPointerException">
            <full-stacktrace>
              <![CDATA[java.lang.NullPointerException
at com.framework.utils.Reporter.reportStep(Reporter.java:91)
at com.framework.utils.Reporter.reportStep(Reporter.java:108)
at com.salesforce.pages.LoginPage.enterUsername(LoginPage.java:14)
at com.salesforce.testcases.TC_004_Learning_On_Trailhead.runLogin(TC_004_Learning_On_Trailhead.java:26)
at sun.reflect.NativeMethodAccessorImpl.invoke0(Native Method)
at sun.reflect.NativeMethodAccessorImpl.invoke(Unknown Source)
at sun.reflect.DelegatingMethodAccessorImpl.invoke(Unknown Source)
at java.lang.reflect.Method.invoke(Unknown Source)
at org.testng.internal.MethodInvocationHelper.invokeMethod(MethodInvocationHelper.java:132)
at org.testng.internal.TestInvoker.invokeMethod(TestInvoker.java:599)
at org.testng.internal.TestInvoker.invokeTestMethod(TestInvoker.java:174)
at org.testng.internal.MethodRunner.runInSequence(MethodRunner.java:46)
at org.testng.internal.TestInvoker$MethodInvocationAgent.invoke(TestInvoker.java:822)
at org.testng.internal.TestInvoker.invokeTestMethods(TestInvoker.java:147)
at org.testng.internal.TestMethodWorker.invokeTestMethods(TestMethodWorker.java:146)
at org.testng.internal.TestMethodWorker.run(TestMethodWorker.java:128)
at java.util.ArrayList.forEach(Unknown Source)
at org.testng.TestRunner.privateRun(TestRunner.java:764)
at org.testng.TestRunner.run(TestRunner.java:585)
at org.testng.SuiteRunner.runTest(SuiteRunner.java:384)
at org.testng.SuiteRunner.runSequentially(SuiteRunner.java:378)
at org.testng.SuiteRunner.privateRun(SuiteRunner.java:337)
at org.testng.SuiteRunner.run(SuiteRunner.java:286)
at org.testng.SuiteRunnerWorker.runSuite(SuiteRunnerWorker.java:53)
at org.testng.SuiteRunnerWorker.run(SuiteRunnerWorker.java:96)
at org.testng.TestNG.runSuitesSequentially(TestNG.java:1218)
at org.testng.TestNG.runSuitesLocally(TestNG.java:1140)
at org.testng.TestNG.runSuites(TestNG.java:1069)
at org.testng.TestNG.run(TestNG.java:1037)
at org.testng.remote.AbstractRemoteTestNG.run(AbstractRemoteTestNG.java:115)
at org.testng.remote.RemoteTestNG.initAndRun(RemoteTestNG.java:251)
at org.testng.remote.RemoteTestNG.main(RemoteTestNG.java:77)
]]>
            </full-stacktrace>
          </exception> <!-- java.lang.NullPointerException -->
          <reporter-output>
          </reporter-output>
        </test-method> <!-- runLogin -->
        <test-method status="PASS" signature="tearDownClass()[pri:0, instance:com.salesforce.testcases.TC_004_Learning_On_Trailhead@12c8a2c0]" name="tearDownClass" is-config="true" duration-ms="7" started-at="2022-09-23T16:10:36 IST" finished-at="2022-09-23T16:10:36 IST">
          <reporter-output>
          </reporter-output>
        </test-method> <!-- tearDownClass -->
        <test-method status="PASS" signature="endResult()[pri:0, instance:com.salesforce.testcases.TC_004_Learning_On_Trailhead@12c8a2c0]" name="endResult" is-config="true" duration-ms="1166" started-at="2022-09-23T16:10:36 IST" finished-at="2022-09-23T16:10:37 IST">
          <reporter-output>
          </reporter-output>
        </test-method> <!-- endResult -->
      </class> <!-- com.salesforce.testcases.TC_004_Learning_On_Trailhead -->
    </test> <!-- Default test -->
  </suite> <!-- Default suite -->
</testng-results>
