<?xml version="1.0" encoding="UTF-8"?>
<!-- Generated by org.testng.reporters.JUnitReportReporter -->
<testsuite skipped="0" hostname="DESKTOP-9ODPH64" name="com.salesforce.testcases.TC001_Login_Cucumber" tests="2" failures="0" timestamp="2022-09-23T15:17:23 IST" time="82.774" errors="1">
  <testcase name="runScenario" time="64.631" classname="com.salesforce.testcases.TC001_Login_Cucumber">
    <error type="java.lang.RuntimeException" message="Unexpected result for screenshot command: null">
      <![CDATA[java.lang.RuntimeException: Unexpected result for screenshot command: null
at org.openqa.selenium.remote.RemoteWebDriver.getScreenshotAs(RemoteWebDriver.java:304)
at com.framework.selenium.api.base.SeleniumBase.takeSnap(SeleniumBase.java:850)
at com.framework.utils.Reporter.reportStep(Reporter.java:82)
at com.framework.utils.Reporter.reportStep(Reporter.java:108)
at com.framework.selenium.api.base.SeleniumBase.click(SeleniumBase.java:143)
at com.salesforce.pages.LoginPage.clickLogin(LoginPage.java:27)
at ✽.Click on login button(file:src/main/java/features/F01_Login.feature:11)
]]>
    </error>
  </testcase> <!-- runScenario -->
  <system-out/>
  <testcase name="runScenario" time="18.143" classname="com.salesforce.testcases.TC001_Login_Cucumber"/>
  <system-out/>
</testsuite> <!-- com.salesforce.testcases.TC001_Login_Cucumber -->
